This file contains any messages produced by compilers while
running configure, to aid debugging if configure makes a mistake.

It was created by LPIH configure 0.2, which was
generated by GNU Autoconf 2.71.  Invocation command line was

  $ ./configure

## --------- ##
## Platform. ##
## --------- ##

hostname = fedora
uname -m = x86_64
uname -r = 6.9.12-200.fc40.x86_64
uname -s = Linux
uname -v = #1 SMP PREEMPT_DYNAMIC Sat Jul 27 15:56:15 UTC 2024

/usr/bin/uname -p = unknown
/bin/uname -X     = unknown

/bin/arch              = x86_64
/usr/bin/arch -k       = unknown
/usr/convex/getsysinfo = unknown
/usr/bin/hostinfo      = unknown
/bin/machine           = unknown
/usr/bin/oslevel       = unknown
/bin/universe          = unknown

PATH: /home/sam/.local/bin/
PATH: /home/sam/bin/
PATH: /usr/local/bin/
PATH: /usr/local/sbin/
PATH: /usr/bin/
PATH: /usr/sbin/


## ----------- ##
## Core tests. ##
## ----------- ##

configure:2204: looking for aux files: install-sh
configure:2217:  trying ./
configure:2228:   ./install-sh found
configure:2424: checking for gcc
configure:2445: found /usr/bin/gcc
configure:2456: result: gcc
configure:2809: checking for C compiler version
configure:2818: gcc --version >&5
gcc (GCC) 14.0.1 20240411 (Red Hat 14.0.1-0)
Copyright (C) 2024 Free Software Foundation, Inc.
This is free software; see the source for copying conditions.  There is NO
warranty; not even for MERCHANTABILITY or FITNESS FOR A PARTICULAR PURPOSE.

configure:2829: $? = 0
configure:2818: gcc -v >&5
Using built-in specs.
COLLECT_GCC=gcc
COLLECT_LTO_WRAPPER=/usr/libexec/gcc/x86_64-redhat-linux/14/lto-wrapper
OFFLOAD_TARGET_NAMES=nvptx-none:amdgcn-amdhsa
OFFLOAD_TARGET_DEFAULT=1
Target: x86_64-redhat-linux
Configured with: ../configure --enable-bootstrap --enable-languages=c,c++,fortran,objc,obj-c++,ada,go,d,m2,lto --prefix=/usr --mandir=/usr/share/man --infodir=/usr/share/info --with-bugurl=http://bugzilla.redhat.com/bugzilla --enable-shared --enable-threads=posix --enable-checking=release --enable-multilib --with-system-zlib --enable-__cxa_atexit --disable-libunwind-exceptions --enable-gnu-unique-object --enable-linker-build-id --with-gcc-major-version-only --enable-libstdcxx-backtrace --with-libstdcxx-zoneinfo=/usr/share/zoneinfo --with-linker-hash-style=gnu --enable-plugin --enable-initfini-array --with-isl=/builddir/build/BUILD/gcc-14.0.1-20240411/obj-x86_64-redhat-linux/isl-install --enable-offload-targets=nvptx-none,amdgcn-amdhsa --enable-offload-defaulted --without-cuda-driver --enable-gnu-indirect-function --enable-cet --with-tune=generic --with-arch_32=i686 --build=x86_64-redhat-linux --with-build-config=bootstrap-lto --enable-link-serialization=1
Thread model: posix
Supported LTO compression algorithms: zlib zstd
gcc version 14.0.1 20240411 (Red Hat 14.0.1-0) (GCC) 
... rest of stderr output deleted ...
configure:2829: $? = 0
configure:2818: gcc -V >&5
gcc: error: unrecognized command-line option '-V'
gcc: fatal error: no input files
compilation terminated.
configure:2829: $? = 1
configure:2818: gcc -qversion >&5
gcc: error: unrecognized command-line option '-qversion'; did you mean '--version'?
gcc: fatal error: no input files
compilation terminated.
configure:2829: $? = 1
configure:2818: gcc -version >&5
gcc: error: unrecognized command-line option '-version'
gcc: fatal error: no input files
compilation terminated.
configure:2829: $? = 1
configure:2849: checking whether the C compiler works
configure:2871: gcc    conftest.c  >&5
configure:2875: $? = 0
configure:2925: result: yes
configure:2928: checking for C compiler default output file name
configure:2930: result: a.out
configure:2936: checking for suffix of executables
configure:2943: gcc -o conftest    conftest.c  >&5
configure:2947: $? = 0
configure:2970: result: 
configure:2992: checking whether we are cross compiling
configure:3000: gcc -o conftest    conftest.c  >&5
configure:3004: $? = 0
configure:3011: ./conftest
configure:3015: $? = 0
configure:3030: result: no
configure:3035: checking for suffix of object files
configure:3058: gcc -c   conftest.c >&5
configure:3062: $? = 0
configure:3084: result: o
configure:3088: checking whether the compiler supports GNU C
configure:3108: gcc -c   conftest.c >&5
configure:3108: $? = 0
configure:3118: result: yes
configure:3129: checking whether gcc accepts -g
configure:3150: gcc -c -g  conftest.c >&5
configure:3150: $? = 0
configure:3194: result: yes
configure:3214: checking for gcc option to enable C11 features
configure:3229: gcc  -c -g -O2  conftest.c >&5
configure:3229: $? = 0
configure:3247: result: none needed
configure:3373: checking for a BSD-compatible install
configure:3446: result: /usr/bin/install -c
configure:3461: checking for main in -lGL
configure:3481: gcc -o conftest -g -O2   conftest.c -lGL   >&5
configure:3481: $? = 0
configure:3491: result: yes
configure:3508: checking how to run the C preprocessor
configure:3534: gcc -E  conftest.c
configure:3534: $? = 0
configure:3549: gcc -E  conftest.c
conftest.c:10:10: fatal error: ac_nonexistent.h: No such file or directory
   10 | #include <ac_nonexistent.h>
      |          ^~~~~~~~~~~~~~~~~~
compilation terminated.
configure:3549: $? = 1
configure: failed program was:
| /* confdefs.h */
| #define PACKAGE_NAME "LPIH"
| #define PACKAGE_TARNAME "lpih"
| #define PACKAGE_VERSION "0.2"
| #define PACKAGE_STRING "LPIH 0.2"
| #define PACKAGE_BUGREPORT "Limax_ImperatoriaVI@outlook.com"
| #define PACKAGE_URL ""
| #define HAVE_LIBGL 1
| /* end confdefs.h.  */
| #include <ac_nonexistent.h>
configure:3576: result: gcc -E
configure:3590: gcc -E  conftest.c
configure:3590: $? = 0
configure:3605: gcc -E  conftest.c
conftest.c:10:10: fatal error: ac_nonexistent.h: No such file or directory
   10 | #include <ac_nonexistent.h>
      |          ^~~~~~~~~~~~~~~~~~
compilation terminated.
configure:3605: $? = 1
configure: failed program was:
| /* confdefs.h */
| #define PACKAGE_NAME "LPIH"
| #define PACKAGE_TARNAME "lpih"
| #define PACKAGE_VERSION "0.2"
| #define PACKAGE_STRING "LPIH 0.2"
| #define PACKAGE_BUGREPORT "Limax_ImperatoriaVI@outlook.com"
| #define PACKAGE_URL ""
| #define HAVE_LIBGL 1
| /* end confdefs.h.  */
| #include <ac_nonexistent.h>
configure:3636: checking for X
configure:3674: gcc -o conftest -g -O2   conftest.c -lX11 -lGL  >&5
configure:3674: $? = 0
configure:3861: result: libraries , headers 
configure:3869: checking for strstr
configure:3869: gcc -o conftest -g -O2   conftest.c -lGL  >&5
conftest.c:26:6: warning: conflicting types for built-in function 'strstr'; expected 'char *(const char *, const char *)' [-Wbuiltin-declaration-mismatch]
   26 | char strstr ();
      |      ^~~~~~
conftest.c:18:1: note: 'strstr' is declared in header '<string.h>'
   17 | #include <limits.h>
   18 | #undef strstr
configure:3869: $? = 0
configure:3869: result: yes
configure:3985: creating ./config.status

## ---------------------- ##
## Running config.status. ##
## ---------------------- ##

This file was extended by LPIH config.status 0.2, which was
generated by GNU Autoconf 2.71.  Invocation command line was

  CONFIG_FILES    = 
  CONFIG_HEADERS  = 
  CONFIG_LINKS    = 
  CONFIG_COMMANDS = 
  $ ./config.status 

on fedora

config.status:786: creating Makefile
config.status:786: creating config.h

## ---------------- ##
## Cache variables. ##
## ---------------- ##

ac_cv_c_compiler_gnu=yes
ac_cv_env_CC_set=
ac_cv_env_CC_value=
ac_cv_env_CFLAGS_set=
ac_cv_env_CFLAGS_value=
ac_cv_env_CPPFLAGS_set=
ac_cv_env_CPPFLAGS_value=
ac_cv_env_CPP_set=
ac_cv_env_CPP_value=
ac_cv_env_LDFLAGS_set=
ac_cv_env_LDFLAGS_value=
ac_cv_env_LIBS_set=
ac_cv_env_LIBS_value=
ac_cv_env_XMKMF_set=
ac_cv_env_XMKMF_value=
ac_cv_env_build_alias_set=
ac_cv_env_build_alias_value=
ac_cv_env_host_alias_set=
ac_cv_env_host_alias_value=
ac_cv_env_target_alias_set=
ac_cv_env_target_alias_value=
ac_cv_func_strstr=yes
ac_cv_have_x='have_x=yes	ac_x_includes='\'''\''	ac_x_libraries='\'''\'''
ac_cv_lib_GL_main=yes
ac_cv_objext=o
ac_cv_path_install='/usr/bin/install -c'
ac_cv_prog_CPP='gcc -E'
ac_cv_prog_ac_ct_CC=gcc
ac_cv_prog_cc_c11=
ac_cv_prog_cc_g=yes
ac_cv_prog_cc_stdc=

## ----------------- ##
## Output variables. ##
## ----------------- ##

CC='gcc'
CFLAGS='-g -O2'
CPP='gcc -E'
CPPFLAGS=''
DEFS='-DHAVE_CONFIG_H'
ECHO_C=''
ECHO_N='-n'
ECHO_T=''
EXEEXT=''
INSTALL_DATA='${INSTALL} -m 644'
INSTALL_PROGRAM='${INSTALL}'
INSTALL_SCRIPT='${INSTALL}'
LDFLAGS=''
LIBOBJS=''
LIBS='-lGL '
LTLIBOBJS=''
OBJEXT='o'
PACKAGE_BUGREPORT='Limax_ImperatoriaVI@outlook.com'
PACKAGE_NAME='LPIH'
PACKAGE_STRING='LPIH 0.2'
PACKAGE_TARNAME='lpih'
PACKAGE_URL=''
PACKAGE_VERSION='0.2'
PATH_SEPARATOR=':'
SHELL='/bin/sh'
XMKMF=''
ac_ct_CC='gcc'
bindir='${exec_prefix}/bin'
build_alias=''
datadir='${datarootdir}'
datarootdir='${prefix}/share'
docdir='${datarootdir}/doc/${PACKAGE_TARNAME}'
dvidir='${docdir}'
exec_prefix='${prefix}'
host_alias=''
htmldir='${docdir}'
includedir='${prefix}/include'
infodir='${datarootdir}/info'
libdir='${exec_prefix}/lib'
libexecdir='${exec_prefix}/libexec'
localedir='${datarootdir}/locale'
localstatedir='${prefix}/var'
mandir='${datarootdir}/man'
oldincludedir='/usr/include'
pdfdir='${docdir}'
prefix='/usr/local'
program_transform_name='s,x,x,'
psdir='${docdir}'
runstatedir='${localstatedir}/run'
sbindir='${exec_prefix}/sbin'
sharedstatedir='${prefix}/com'
sysconfdir='${prefix}/etc'
target_alias=''

## ----------- ##
## confdefs.h. ##
## ----------- ##

/* confdefs.h */
#define PACKAGE_NAME "LPIH"
#define PACKAGE_TARNAME "lpih"
#define PACKAGE_VERSION "0.2"
#define PACKAGE_STRING "LPIH 0.2"
#define PACKAGE_BUGREPORT "Limax_ImperatoriaVI@outlook.com"
#define PACKAGE_URL ""
#define HAVE_LIBGL 1
#define HAVE_STRSTR 1

configure: exit 0
